<?xml version="1.0" encoding="UTF-8"?>
<testng-results ignored="0" total="1" passed="1" failed="0" skipped="0">
  <reporter-output>
  </reporter-output>
  <suite started-at="2023-08-11T13:50:00 IST" name="Default suite" finished-at="2023-08-11T13:50:07 IST" duration-ms="7235">
    <groups>
    </groups>
    <test started-at="2023-08-11T13:50:00 IST" name="Default test" finished-at="2023-08-11T13:50:07 IST" duration-ms="7235">
      <class name="com.assignment.tests.VisualCrossingAPITest">
        <test-method is-config="true" signature="setUp()[pri:0, instance:com.assignment.tests.VisualCrossingAPITest@43dac38f]" started-at="2023-08-11T13:50:00 IST" name="setUp" finished-at="2023-08-11T13:50:01 IST" duration-ms="1234" status="PASS">
          <reporter-output>
          </reporter-output>
        </test-method> <!-- setUp -->
        <test-method signature="statusCodeVerification()[pri:0, instance:com.assignment.tests.VisualCrossingAPITest@43dac38f]" started-at="2023-08-11T13:50:01 IST" name="statusCodeVerification" finished-at="2023-08-11T13:50:07 IST" duration-ms="5923" status="PASS">
          <reporter-output>
          </reporter-output>
        </test-method> <!-- statusCodeVerification -->
      </class> <!-- com.assignment.tests.VisualCrossingAPITest -->
    </test> <!-- Default test -->
  </suite> <!-- Default suite -->
</testng-results>
